2024-03-24 13:11:52,589 : INFO : test_homePage : First name is Zuni
2024-03-24 13:11:55,785 : INFO : test_homePage : First name is Afaq
2024-03-24 13:11:55,785 : INFO : test_homePage : First name is Afaq
2024-03-24 13:12:04,262 : INFO : test_e2e : Getting Products List
2024-03-24 13:12:04,626 : INFO : test_e2e : Entering Country name start from pa
2024-03-24 13:12:10,270 : INFO : test_e2e : Confirmation msg ×
Success! Thank you! Your order will be delivered in next few weeks :-).
2024-03-24 13:12:45,535 : INFO : test_homePage : First name is Zuni
2024-03-24 13:12:48,539 : INFO : test_homePage : First name is Afaq
2024-03-24 13:12:48,539 : INFO : test_homePage : First name is Afaq
2024-03-24 13:12:57,133 : INFO : test_e2e : Getting Products List
2024-03-24 13:12:57,447 : INFO : test_e2e : Entering Country name start from pa
2024-03-24 13:13:03,151 : INFO : test_e2e : Confirmation msg ×
Success! Thank you! Your order will be delivered in next few weeks :-).
2024-03-24 14:00:19,830 : INFO : test_homePage : First name is Zuni
2024-03-24 14:00:22,586 : INFO : test_homePage : First name is Afaq
2024-03-24 14:00:22,586 : INFO : test_homePage : First name is Afaq
2024-03-24 14:00:28,806 : INFO : test_e2e : Getting Products List
2024-03-24 14:00:29,098 : INFO : test_e2e : Entering Country name start from pa
2024-03-24 14:00:34,466 : INFO : test_e2e : Confirmation msg ×
Success! Thank you! Your order will be delivered in next few weeks :-).
2024-03-24 14:01:30,412 : INFO : test_homePage : First name is Zuni
2024-03-24 14:01:33,200 : INFO : test_homePage : First name is Afaq
2024-03-24 14:01:33,200 : INFO : test_homePage : First name is Afaq
2024-03-24 14:01:42,075 : INFO : test_e2e : Getting Products List
2024-03-24 14:01:42,360 : INFO : test_e2e : Entering Country name start from pa
2024-03-24 14:01:47,750 : INFO : test_e2e : Confirmation msg ×
Success! Thank you! Your order will be delivered in next few weeks :-).
2024-03-24 14:36:27,170 : INFO : test_homePage : First name is Zuni
2024-03-24 14:36:30,149 : INFO : test_homePage : First name is Afaq
2024-03-24 14:36:30,149 : INFO : test_homePage : First name is Afaq
2024-03-24 14:36:38,770 : INFO : test_e2e : Getting Products List
2024-03-24 14:36:39,185 : INFO : test_e2e : Entering Country name start from pa
2024-03-24 14:36:44,848 : INFO : test_e2e : Confirmation msg ×
Success! Thank you! Your order will be delivered in next few weeks :-).
2024-03-24 14:44:38,572 : INFO : test_homePage : First name is Zuni
2024-03-24 14:44:41,574 : INFO : test_homePage : First name is Afaq
2024-03-24 14:44:41,574 : INFO : test_homePage : First name is Afaq
2024-03-24 14:44:48,320 : INFO : test_e2e : Getting Products List
2024-03-24 14:44:48,694 : INFO : test_e2e : Entering Country name start from pa
2024-03-24 14:44:54,223 : INFO : test_e2e : Confirmation msg ×
Success! Thank you! Your order will be delivered in next few weeks :-).
2024-03-24 14:46:31,549 : INFO : test_homePage : First name is Zuni
2024-03-24 14:46:34,488 : INFO : test_homePage : First name is Afaq
2024-03-24 14:46:34,488 : INFO : test_homePage : First name is Afaq
2024-03-24 14:46:40,982 : INFO : test_e2e : Getting Products List
2024-03-24 14:46:41,355 : INFO : test_e2e : Entering Country name start from pa
2024-03-24 14:46:46,960 : INFO : test_e2e : Confirmation msg ×
Success! Thank you! Your order will be delivered in next few weeks :-).
2024-03-25 11:49:42,269 : INFO : test_homePage : First name is Zuni
2024-03-25 11:49:48,755 : INFO : test_e2e : Getting Products List
2024-03-25 11:49:49,053 : INFO : test_e2e : Entering Country name start from pa
2024-03-25 11:49:54,609 : INFO : test_e2e : Confirmation msg ×
Success! Thank you! Your order will be delivered in next few weeks :-).
2024-03-25 11:50:26,495 : INFO : test_homePage : First name is Ayesha
2024-03-25 11:50:33,272 : INFO : test_e2e : Getting Products List
2024-03-25 11:50:33,738 : INFO : test_e2e : Entering Country name start from pa
2024-03-25 11:50:39,366 : INFO : test_e2e : Confirmation msg ×
Success! Thank you! Your order will be delivered in next few weeks :-).
